<?xml version="1.0" encoding="UTF-8"?>
<!-- Generated by org.testng.reporters.JUnitReportReporter -->
<testsuite hostname="DESKTOP-7IA6DDI" failures="0" tests="1" name="ProjectA.ProjectA.IntegrationTesting" time="19.789" errors="0" timestamp="2024-06-28T16:21:17 IST" skipped="0">
  <testcase classname="ProjectA.ProjectA.IntegrationTesting" name="test" time="19.789"/>
</testsuite> <!-- ProjectA.ProjectA.IntegrationTesting -->
