<?xml version="1.0" encoding="UTF-8"?>
<!-- Generated by org.testng.reporters.JUnitReportReporter -->
<testsuite hostname="DESKTOP-7IA6DDI" failures="0" tests="1" name="ProjectA.ProjectA.IntegrationTest" time="80.619" errors="0" timestamp="2024-06-29T14:15:05 IST" skipped="0">
  <testcase classname="ProjectA.ProjectA.IntegrationTest" name="AmazonTest" time="80.619"/>
</testsuite> <!-- ProjectA.ProjectA.IntegrationTest -->
